<?xml version="1.0" encoding="UTF-8"?>
<coverage generated="1754552757385" clover="3.2.0">
  <project timestamp="1754552757385" name="All files">
    <metrics statements="54" coveredstatements="54" conditionals="12" coveredconditionals="11" methods="21" coveredmethods="21" elements="87" coveredelements="86" complexity="0" loc="54" ncloc="54" packages="2" files="7" classes="7"/>
    <package name="src">
      <metrics statements="21" coveredstatements="21" conditionals="2" coveredconditionals="2" methods="7" coveredmethods="7"/>
      <file name="App.jsx" path="C:\Users\theho\Documents\GitHub\meet\src\App.jsx">
        <metrics statements="14" coveredstatements="14" conditionals="2" coveredconditionals="2" methods="4" coveredmethods="4"/>
        <line num="12" count="3" type="stmt"/>
        <line num="13" count="14" type="stmt"/>
        <line num="14" count="13" type="stmt"/>
        <line num="15" count="13" type="stmt"/>
        <line num="16" count="13" type="stmt"/>
        <line num="18" count="13" type="stmt"/>
        <line num="19" count="8" type="stmt"/>
        <line num="22" count="13" type="stmt"/>
        <line num="23" count="8" type="stmt"/>
        <line num="24" count="8" type="cond" truecount="2" falsecount="0"/>
        <line num="26" count="33" type="stmt"/>
        <line num="27" count="8" type="stmt"/>
        <line num="28" count="8" type="stmt"/>
        <line num="32" count="13" type="stmt"/>
      </file>
      <file name="api.js" path="C:\Users\theho\Documents\GitHub\meet\src\api.js">
        <metrics statements="6" coveredstatements="6" conditionals="0" coveredconditionals="0" methods="3" coveredmethods="3"/>
        <line num="15" count="3" type="stmt"/>
        <line num="16" count="363" type="stmt"/>
        <line num="17" count="11" type="stmt"/>
        <line num="18" count="11" type="stmt"/>
        <line num="26" count="3" type="stmt"/>
        <line num="27" count="13" type="stmt"/>
      </file>
      <file name="mock-data.js" path="C:\Users\theho\Documents\GitHub\meet\src\mock-data.js">
        <metrics statements="1" coveredstatements="1" conditionals="0" coveredconditionals="0" methods="0" coveredmethods="0"/>
        <line num="4" count="4" type="stmt"/>
      </file>
    </package>
    <package name="src.components">
      <metrics statements="33" coveredstatements="33" conditionals="10" coveredconditionals="9" methods="14" coveredmethods="14"/>
      <file name="CitySearch.jsx" path="C:\Users\theho\Documents\GitHub\meet\src\components\CitySearch.jsx">
        <metrics statements="20" coveredstatements="20" conditionals="4" coveredconditionals="3" methods="7" coveredmethods="7"/>
        <line num="7" count="3" type="stmt"/>
        <line num="8" count="64" type="stmt"/>
        <line num="9" count="64" type="stmt"/>
        <line num="10" count="64" type="stmt"/>
        <line num="12" count="64" type="stmt"/>
        <line num="13" count="19" type="stmt"/>
        <line num="16" count="64" type="stmt"/>
        <line num="17" count="18" type="stmt"/>
        <line num="18" count="18" type="cond" truecount="1" falsecount="1"/>
        <line num="19" count="36" type="stmt"/>
        <line num="23" count="18" type="stmt"/>
        <line num="24" count="18" type="stmt"/>
        <line num="27" count="64" type="stmt"/>
        <line num="28" count="2" type="stmt"/>
        <line num="29" count="2" type="stmt"/>
        <line num="30" count="2" type="stmt"/>
        <line num="31" count="2" type="stmt"/>
        <line num="34" count="64" type="stmt"/>
        <line num="41" count="5" type="stmt"/>
        <line num="47" count="26" type="stmt"/>
      </file>
      <file name="Event.jsx" path="C:\Users\theho\Documents\GitHub\meet\src\components\Event.jsx">
        <metrics statements="5" coveredstatements="5" conditionals="4" coveredconditionals="4" methods="3" coveredmethods="3"/>
        <line num="3" count="4" type="stmt"/>
        <line num="4" count="216" type="stmt"/>
        <line num="6" count="216" type="stmt"/>
        <line num="7" count="3" type="stmt"/>
        <line num="10" count="216" type="stmt"/>
      </file>
      <file name="EventList.jsx" path="C:\Users\theho\Documents\GitHub\meet\src\components\EventList.jsx">
        <metrics statements="3" coveredstatements="3" conditionals="2" coveredconditionals="2" methods="2" coveredmethods="2"/>
        <line num="6" count="3" type="stmt"/>
        <line num="7" count="17" type="stmt"/>
        <line num="10" count="209" type="stmt"/>
      </file>
      <file name="NumberOfEvents.jsx" path="C:\Users\theho\Documents\GitHub\meet\src\components\NumberOfEvents.jsx">
        <metrics statements="5" coveredstatements="5" conditionals="0" coveredconditionals="0" methods="2" coveredmethods="2"/>
        <line num="5" count="4" type="stmt"/>
        <line num="6" count="24" type="stmt"/>
        <line num="8" count="24" type="stmt"/>
        <line num="9" count="7" type="stmt"/>
        <line num="12" count="24" type="stmt"/>
      </file>
    </package>
  </project>
</coverage>
