{"C:\\Users\\theho\\Documents\\GitHub\\meet\\src\\App.jsx": {"path":"C:\\Users\\theho\\Documents\\GitHub\\meet\\src\\App.jsx","statementMap":{"0":{"start":{"line":12,"column":12},"end":{"line":39,"column":1}},"1":{"start":{"line":13,"column":32},"end":{"line":13,"column":44}},"2":{"start":{"line":14,"column":40},"end":{"line":14,"column":52}},"3":{"start":{"line":15,"column":44},"end":{"line":15,"column":56}},"4":{"start":{"line":16,"column":42},"end":{"line":16,"column":68}},"5":{"start":{"line":18,"column":4},"end":{"line":20,"column":22}},"6":{"start":{"line":19,"column":8},"end":{"line":19,"column":20}},"7":{"start":{"line":22,"column":22},"end":{"line":30,"column":5}},"8":{"start":{"line":23,"column":26},"end":{"line":23,"column":43}},"9":{"start":{"line":24,"column":31},"end":{"line":26,"column":69}},"10":{"start":{"line":26,"column":38},"end":{"line":26,"column":68}},"11":{"start":{"line":27,"column":8},"end":{"line":27,"column":55}},"12":{"start":{"line":28,"column":8},"end":{"line":28,"column":53}},"13":{"start":{"line":32,"column":4},"end":{"line":38,"column":6}}},"fnMap":{"0":{"name":"(anonymous_0)","decl":{"start":{"line":12,"column":12},"end":{"line":12,"column":13}},"loc":{"start":{"line":12,"column":18},"end":{"line":39,"column":1}},"line":12},"1":{"name":"(anonymous_1)","decl":{"start":{"line":18,"column":14},"end":{"line":18,"column":15}},"loc":{"start":{"line":18,"column":20},"end":{"line":20,"column":5}},"line":18},"2":{"name":"(anonymous_2)","decl":{"start":{"line":22,"column":22},"end":{"line":22,"column":23}},"loc":{"start":{"line":22,"column":34},"end":{"line":30,"column":5}},"line":22},"3":{"name":"(anonymous_3)","decl":{"start":{"line":26,"column":29},"end":{"line":26,"column":30}},"loc":{"start":{"line":26,"column":38},"end":{"line":26,"column":68}},"line":26}},"branchMap":{"0":{"loc":{"start":{"line":24,"column":31},"end":{"line":26,"column":69}},"type":"cond-expr","locations":[{"start":{"line":25,"column":12},"end":{"line":25,"column":21}},{"start":{"line":26,"column":12},"end":{"line":26,"column":69}}],"line":24}},"s":{"0":3,"1":14,"2":13,"3":13,"4":13,"5":13,"6":8,"7":13,"8":8,"9":8,"10":33,"11":8,"12":8,"13":13},"f":{"0":14,"1":8,"2":8,"3":33},"b":{"0":[7,1]},"_coverageSchema":"1a1c01bbd47fc00a2c39e90264f33305004495a9","hash":"bd0527fa344e5b730bc570202f18315d5c5b9731"}
,"C:\\Users\\theho\\Documents\\GitHub\\meet\\src\\api.js": {"path":"C:\\Users\\theho\\Documents\\GitHub\\meet\\src\\api.js","statementMap":{"0":{"start":{"line":15,"column":32},"end":{"line":19,"column":1}},"1":{"start":{"line":16,"column":29},"end":{"line":16,"column":66}},"2":{"start":{"line":16,"column":51},"end":{"line":16,"column":65}},"3":{"start":{"line":17,"column":20},"end":{"line":17,"column":52}},"4":{"start":{"line":18,"column":2},"end":{"line":18,"column":19}},"5":{"start":{"line":26,"column":25},"end":{"line":28,"column":1}},"6":{"start":{"line":27,"column":2},"end":{"line":27,"column":18}}},"fnMap":{"0":{"name":"(anonymous_0)","decl":{"start":{"line":15,"column":32},"end":{"line":15,"column":33}},"loc":{"start":{"line":15,"column":44},"end":{"line":19,"column":1}},"line":15},"1":{"name":"(anonymous_1)","decl":{"start":{"line":16,"column":40},"end":{"line":16,"column":41}},"loc":{"start":{"line":16,"column":51},"end":{"line":16,"column":65}},"line":16},"2":{"name":"(anonymous_2)","decl":{"start":{"line":26,"column":25},"end":{"line":26,"column":26}},"loc":{"start":{"line":26,"column":37},"end":{"line":28,"column":1}},"line":26}},"branchMap":{},"s":{"0":3,"1":11,"2":363,"3":11,"4":11,"5":3,"6":13},"f":{"0":11,"1":363,"2":13},"b":{},"_coverageSchema":"1a1c01bbd47fc00a2c39e90264f33305004495a9","hash":"5e138241e70c7e73ec238e33dff64ce1bcaa8aa1"}
,"C:\\Users\\theho\\Documents\\GitHub\\meet\\src\\mock-data.js": {"path":"C:\\Users\\theho\\Documents\\GitHub\\meet\\src\\mock-data.js","statementMap":{"0":{"start":{"line":4,"column":17},"end":{"line":1292,"column":1}}},"fnMap":{},"branchMap":{},"s":{"0":4},"f":{},"b":{},"_coverageSchema":"1a1c01bbd47fc00a2c39e90264f33305004495a9","hash":"8079e2f3233d503d214af745121a83c2bda086d8"}
,"C:\\Users\\theho\\Documents\\GitHub\\meet\\src\\components\\CitySearch.jsx": {"path":"C:\\Users\\theho\\Documents\\GitHub\\meet\\src\\components\\CitySearch.jsx","statementMap":{"0":{"start":{"line":7,"column":19},"end":{"line":56,"column":1}},"1":{"start":{"line":8,"column":50},"end":{"line":8,"column":65}},"2":{"start":{"line":9,"column":30},"end":{"line":9,"column":42}},"3":{"start":{"line":10,"column":42},"end":{"line":10,"column":54}},"4":{"start":{"line":12,"column":4},"end":{"line":14,"column":28}},"5":{"start":{"line":13,"column":8},"end":{"line":13,"column":37}},"6":{"start":{"line":16,"column":31},"end":{"line":25,"column":5}},"7":{"start":{"line":17,"column":22},"end":{"line":17,"column":40}},"8":{"start":{"line":18,"column":34},"end":{"line":20,"column":15}},"9":{"start":{"line":19,"column":12},"end":{"line":19,"column":76}},"10":{"start":{"line":23,"column":8},"end":{"line":23,"column":24}},"11":{"start":{"line":24,"column":8},"end":{"line":24,"column":42}},"12":{"start":{"line":27,"column":30},"end":{"line":32,"column":5}},"13":{"start":{"line":28,"column":22},"end":{"line":28,"column":46}},"14":{"start":{"line":29,"column":8},"end":{"line":29,"column":24}},"15":{"start":{"line":30,"column":8},"end":{"line":30,"column":34}},"16":{"start":{"line":31,"column":8},"end":{"line":31,"column":30}},"17":{"start":{"line":34,"column":4},"end":{"line":55,"column":5}},"18":{"start":{"line":41,"column":31},"end":{"line":41,"column":55}},"19":{"start":{"line":47,"column":24},"end":{"line":47,"column":97}}},"fnMap":{"0":{"name":"(anonymous_0)","decl":{"start":{"line":7,"column":19},"end":{"line":7,"column":20}},"loc":{"start":{"line":7,"column":57},"end":{"line":56,"column":1}},"line":7},"1":{"name":"(anonymous_1)","decl":{"start":{"line":12,"column":14},"end":{"line":12,"column":15}},"loc":{"start":{"line":12,"column":20},"end":{"line":14,"column":5}},"line":12},"2":{"name":"(anonymous_2)","decl":{"start":{"line":16,"column":31},"end":{"line":16,"column":32}},"loc":{"start":{"line":16,"column":42},"end":{"line":25,"column":5}},"line":16},"3":{"name":"(anonymous_3)","decl":{"start":{"line":18,"column":69},"end":{"line":18,"column":70}},"loc":{"start":{"line":18,"column":83},"end":{"line":20,"column":9}},"line":18},"4":{"name":"(anonymous_4)","decl":{"start":{"line":27,"column":30},"end":{"line":27,"column":31}},"loc":{"start":{"line":27,"column":41},"end":{"line":32,"column":5}},"line":27},"5":{"name":"(anonymous_5)","decl":{"start":{"line":41,"column":25},"end":{"line":41,"column":26}},"loc":{"start":{"line":41,"column":31},"end":{"line":41,"column":55}},"line":41},"6":{"name":"(anonymous_6)","decl":{"start":{"line":46,"column":37},"end":{"line":46,"column":38}},"loc":{"start":{"line":46,"column":53},"end":{"line":48,"column":21}},"line":46}},"branchMap":{"0":{"loc":{"start":{"line":18,"column":34},"end":{"line":20,"column":15}},"type":"cond-expr","locations":[{"start":{"line":18,"column":49},"end":{"line":20,"column":10}},{"start":{"line":20,"column":13},"end":{"line":20,"column":15}}],"line":18},"1":{"loc":{"start":{"line":44,"column":13},"end":{"line":53,"column":22}},"type":"cond-expr","locations":[{"start":{"line":45,"column":16},"end":{"line":52,"column":21}},{"start":{"line":53,"column":18},"end":{"line":53,"column":22}}],"line":44}},"s":{"0":3,"1":64,"2":64,"3":64,"4":64,"5":19,"6":64,"7":18,"8":18,"9":36,"10":18,"11":18,"12":64,"13":2,"14":2,"15":2,"16":2,"17":64,"18":5,"19":26},"f":{"0":64,"1":19,"2":18,"3":36,"4":2,"5":5,"6":26},"b":{"0":[18,0],"1":[25,39]},"_coverageSchema":"1a1c01bbd47fc00a2c39e90264f33305004495a9","hash":"b38292683b42ac5453a7b8b215c728cf558d532a"}
,"C:\\Users\\theho\\Documents\\GitHub\\meet\\src\\components\\Event.jsx": {"path":"C:\\Users\\theho\\Documents\\GitHub\\meet\\src\\components\\Event.jsx","statementMap":{"0":{"start":{"line":3,"column":14},"end":{"line":31,"column":1}},"1":{"start":{"line":4,"column":40},"end":{"line":4,"column":55}},"2":{"start":{"line":6,"column":30},"end":{"line":8,"column":3}},"3":{"start":{"line":7,"column":4},"end":{"line":7,"column":36}},"4":{"start":{"line":7,"column":29},"end":{"line":7,"column":34}},"5":{"start":{"line":10,"column":2},"end":{"line":30,"column":4}}},"fnMap":{"0":{"name":"(anonymous_0)","decl":{"start":{"line":3,"column":14},"end":{"line":3,"column":15}},"loc":{"start":{"line":3,"column":29},"end":{"line":31,"column":1}},"line":3},"1":{"name":"(anonymous_1)","decl":{"start":{"line":6,"column":30},"end":{"line":6,"column":31}},"loc":{"start":{"line":6,"column":36},"end":{"line":8,"column":3}},"line":6},"2":{"name":"(anonymous_2)","decl":{"start":{"line":7,"column":19},"end":{"line":7,"column":20}},"loc":{"start":{"line":7,"column":29},"end":{"line":7,"column":34}},"line":7}},"branchMap":{"0":{"loc":{"start":{"line":17,"column":9},"end":{"line":17,"column":54}},"type":"cond-expr","locations":[{"start":{"line":17,"column":23},"end":{"line":17,"column":37}},{"start":{"line":17,"column":40},"end":{"line":17,"column":54}}],"line":17},"1":{"loc":{"start":{"line":20,"column":7},"end":{"line":28,"column":7}},"type":"binary-expr","locations":[{"start":{"line":20,"column":7},"end":{"line":20,"column":18}},{"start":{"line":21,"column":8},"end":{"line":27,"column":14}}],"line":20}},"s":{"0":4,"1":216,"2":216,"3":3,"4":3,"5":216},"f":{"0":216,"1":3,"2":3},"b":{"0":[2,214],"1":[216,2]},"_coverageSchema":"1a1c01bbd47fc00a2c39e90264f33305004495a9","hash":"6ea9545aa3999f1974b27f61117ed32b3b266355"}
,"C:\\Users\\theho\\Documents\\GitHub\\meet\\src\\components\\EventList.jsx": {"path":"C:\\Users\\theho\\Documents\\GitHub\\meet\\src\\components\\EventList.jsx","statementMap":{"0":{"start":{"line":6,"column":18},"end":{"line":14,"column":1}},"1":{"start":{"line":7,"column":1},"end":{"line":13,"column":3}},"2":{"start":{"line":10,"column":27},"end":{"line":10,"column":65}}},"fnMap":{"0":{"name":"(anonymous_0)","decl":{"start":{"line":6,"column":18},"end":{"line":6,"column":19}},"loc":{"start":{"line":6,"column":34},"end":{"line":14,"column":1}},"line":6},"1":{"name":"(anonymous_1)","decl":{"start":{"line":10,"column":18},"end":{"line":10,"column":19}},"loc":{"start":{"line":10,"column":27},"end":{"line":10,"column":65}},"line":10}},"branchMap":{"0":{"loc":{"start":{"line":9,"column":6},"end":{"line":11,"column":11}},"type":"cond-expr","locations":[{"start":{"line":10,"column":7},"end":{"line":10,"column":66}},{"start":{"line":11,"column":7},"end":{"line":11,"column":11}}],"line":9}},"s":{"0":3,"1":17,"2":209},"f":{"0":17,"1":209},"b":{"0":[14,3]},"_coverageSchema":"1a1c01bbd47fc00a2c39e90264f33305004495a9","hash":"034d16566c2bb19139ee14b363b7118eb5f086b0"}
,"C:\\Users\\theho\\Documents\\GitHub\\meet\\src\\components\\NumberOfEvents.jsx": {"path":"C:\\Users\\theho\\Documents\\GitHub\\meet\\src\\components\\NumberOfEvents.jsx","statementMap":{"0":{"start":{"line":5,"column":23},"end":{"line":22,"column":1}},"1":{"start":{"line":6,"column":38},"end":{"line":6,"column":50}},"2":{"start":{"line":8,"column":29},"end":{"line":10,"column":3}},"3":{"start":{"line":9,"column":4},"end":{"line":9,"column":46}},"4":{"start":{"line":12,"column":2},"end":{"line":21,"column":4}}},"fnMap":{"0":{"name":"(anonymous_0)","decl":{"start":{"line":5,"column":23},"end":{"line":5,"column":24}},"loc":{"start":{"line":5,"column":29},"end":{"line":22,"column":1}},"line":5},"1":{"name":"(anonymous_1)","decl":{"start":{"line":8,"column":29},"end":{"line":8,"column":30}},"loc":{"start":{"line":8,"column":40},"end":{"line":10,"column":3}},"line":8}},"branchMap":{},"s":{"0":4,"1":24,"2":24,"3":7,"4":24},"f":{"0":24,"1":7},"b":{},"_coverageSchema":"1a1c01bbd47fc00a2c39e90264f33305004495a9","hash":"1e73a507dc0346ecdb0d07ea10b0a3401addda5d"}
}
