{"C:\\Users\\theho\\Documents\\GitHub\\meet\\src\\App.jsx": {"path":"C:\\Users\\theho\\Documents\\GitHub\\meet\\src\\App.jsx","statementMap":{"0":{"start":{"line":7,"column":12},"end":{"line":15,"column":1}},"1":{"start":{"line":8,"column":1},"end":{"line":14,"column":3}}},"fnMap":{"0":{"name":"(anonymous_0)","decl":{"start":{"line":7,"column":12},"end":{"line":7,"column":13}},"loc":{"start":{"line":7,"column":18},"end":{"line":15,"column":1}},"line":7}},"branchMap":{},"s":{"0":1,"1":3},"f":{"0":3},"b":{},"_coverageSchema":"1a1c01bbd47fc00a2c39e90264f33305004495a9","hash":"c4598deb70d014f9750d08d61d527afa684d090e"}
,"C:\\Users\\theho\\Documents\\GitHub\\meet\\src\\api.js": {"path":"C:\\Users\\theho\\Documents\\GitHub\\meet\\src\\api.js","statementMap":{"0":{"start":{"line":15,"column":32},"end":{"line":19,"column":1}},"1":{"start":{"line":16,"column":29},"end":{"line":16,"column":66}},"2":{"start":{"line":16,"column":51},"end":{"line":16,"column":65}},"3":{"start":{"line":17,"column":20},"end":{"line":17,"column":52}},"4":{"start":{"line":18,"column":2},"end":{"line":18,"column":19}},"5":{"start":{"line":26,"column":25},"end":{"line":28,"column":1}},"6":{"start":{"line":27,"column":2},"end":{"line":27,"column":18}}},"fnMap":{"0":{"name":"(anonymous_0)","decl":{"start":{"line":15,"column":32},"end":{"line":15,"column":33}},"loc":{"start":{"line":15,"column":44},"end":{"line":19,"column":1}},"line":15},"1":{"name":"(anonymous_1)","decl":{"start":{"line":16,"column":40},"end":{"line":16,"column":41}},"loc":{"start":{"line":16,"column":51},"end":{"line":16,"column":65}},"line":16},"2":{"name":"(anonymous_2)","decl":{"start":{"line":26,"column":25},"end":{"line":26,"column":26}},"loc":{"start":{"line":26,"column":37},"end":{"line":28,"column":1}},"line":26}},"branchMap":{},"s":{"0":2,"1":2,"2":66,"3":2,"4":2,"5":2,"6":3},"f":{"0":2,"1":66,"2":3},"b":{},"_coverageSchema":"1a1c01bbd47fc00a2c39e90264f33305004495a9","hash":"5e138241e70c7e73ec238e33dff64ce1bcaa8aa1"}
,"C:\\Users\\theho\\Documents\\GitHub\\meet\\src\\mock-data.js": {"path":"C:\\Users\\theho\\Documents\\GitHub\\meet\\src\\mock-data.js","statementMap":{"0":{"start":{"line":4,"column":17},"end":{"line":1292,"column":1}}},"fnMap":{},"branchMap":{},"s":{"0":3},"f":{},"b":{},"_coverageSchema":"1a1c01bbd47fc00a2c39e90264f33305004495a9","hash":"8079e2f3233d503d214af745121a83c2bda086d8"}
,"C:\\Users\\theho\\Documents\\GitHub\\meet\\src\\components\\CitySearch.jsx": {"path":"C:\\Users\\theho\\Documents\\GitHub\\meet\\src\\components\\CitySearch.jsx","statementMap":{"0":{"start":{"line":7,"column":19},"end":{"line":51,"column":1}},"1":{"start":{"line":8,"column":50},"end":{"line":8,"column":65}},"2":{"start":{"line":9,"column":30},"end":{"line":9,"column":42}},"3":{"start":{"line":10,"column":42},"end":{"line":10,"column":54}},"4":{"start":{"line":12,"column":31},"end":{"line":21,"column":5}},"5":{"start":{"line":13,"column":22},"end":{"line":13,"column":40}},"6":{"start":{"line":14,"column":34},"end":{"line":16,"column":15}},"7":{"start":{"line":15,"column":12},"end":{"line":15,"column":76}},"8":{"start":{"line":19,"column":8},"end":{"line":19,"column":24}},"9":{"start":{"line":20,"column":8},"end":{"line":20,"column":42}},"10":{"start":{"line":23,"column":30},"end":{"line":27,"column":5}},"11":{"start":{"line":24,"column":22},"end":{"line":24,"column":46}},"12":{"start":{"line":25,"column":8},"end":{"line":25,"column":24}},"13":{"start":{"line":26,"column":8},"end":{"line":26,"column":34}},"14":{"start":{"line":29,"column":4},"end":{"line":50,"column":5}},"15":{"start":{"line":36,"column":31},"end":{"line":36,"column":55}},"16":{"start":{"line":42,"column":24},"end":{"line":42,"column":97}}},"fnMap":{"0":{"name":"(anonymous_0)","decl":{"start":{"line":7,"column":19},"end":{"line":7,"column":20}},"loc":{"start":{"line":7,"column":41},"end":{"line":51,"column":1}},"line":7},"1":{"name":"(anonymous_1)","decl":{"start":{"line":12,"column":31},"end":{"line":12,"column":32}},"loc":{"start":{"line":12,"column":42},"end":{"line":21,"column":5}},"line":12},"2":{"name":"(anonymous_2)","decl":{"start":{"line":14,"column":69},"end":{"line":14,"column":70}},"loc":{"start":{"line":14,"column":83},"end":{"line":16,"column":9}},"line":14},"3":{"name":"(anonymous_3)","decl":{"start":{"line":23,"column":30},"end":{"line":23,"column":31}},"loc":{"start":{"line":23,"column":41},"end":{"line":27,"column":5}},"line":23},"4":{"name":"(anonymous_4)","decl":{"start":{"line":36,"column":25},"end":{"line":36,"column":26}},"loc":{"start":{"line":36,"column":31},"end":{"line":36,"column":55}},"line":36},"5":{"name":"(anonymous_5)","decl":{"start":{"line":41,"column":37},"end":{"line":41,"column":38}},"loc":{"start":{"line":41,"column":53},"end":{"line":43,"column":21}},"line":41}},"branchMap":{"0":{"loc":{"start":{"line":14,"column":34},"end":{"line":16,"column":15}},"type":"cond-expr","locations":[{"start":{"line":14,"column":49},"end":{"line":16,"column":10}},{"start":{"line":16,"column":13},"end":{"line":16,"column":15}}],"line":14},"1":{"loc":{"start":{"line":39,"column":13},"end":{"line":48,"column":22}},"type":"cond-expr","locations":[{"start":{"line":40,"column":16},"end":{"line":47,"column":21}},{"start":{"line":48,"column":18},"end":{"line":48,"column":22}}],"line":39}},"s":{"0":2,"1":26,"2":26,"3":26,"4":26,"5":12,"6":12,"7":24,"8":12,"9":12,"10":26,"11":1,"12":1,"13":1,"14":26,"15":3,"16":12},"f":{"0":26,"1":12,"2":24,"3":1,"4":3,"5":12},"b":{"0":[12,0],"1":[15,11]},"_coverageSchema":"1a1c01bbd47fc00a2c39e90264f33305004495a9","hash":"e0c33ae53b0eada90cb91a01881bd526252cbd8c"}
,"C:\\Users\\theho\\Documents\\GitHub\\meet\\src\\components\\Event.jsx": {"path":"C:\\Users\\theho\\Documents\\GitHub\\meet\\src\\components\\Event.jsx","statementMap":{"0":{"start":{"line":3,"column":14},"end":{"line":31,"column":1}},"1":{"start":{"line":4,"column":40},"end":{"line":4,"column":55}},"2":{"start":{"line":6,"column":30},"end":{"line":8,"column":3}},"3":{"start":{"line":7,"column":4},"end":{"line":7,"column":36}},"4":{"start":{"line":7,"column":29},"end":{"line":7,"column":34}},"5":{"start":{"line":10,"column":2},"end":{"line":30,"column":4}}},"fnMap":{"0":{"name":"(anonymous_0)","decl":{"start":{"line":3,"column":14},"end":{"line":3,"column":15}},"loc":{"start":{"line":3,"column":29},"end":{"line":31,"column":1}},"line":3},"1":{"name":"(anonymous_1)","decl":{"start":{"line":6,"column":30},"end":{"line":6,"column":31}},"loc":{"start":{"line":6,"column":36},"end":{"line":8,"column":3}},"line":6},"2":{"name":"(anonymous_2)","decl":{"start":{"line":7,"column":19},"end":{"line":7,"column":20}},"loc":{"start":{"line":7,"column":29},"end":{"line":7,"column":34}},"line":7}},"branchMap":{"0":{"loc":{"start":{"line":17,"column":9},"end":{"line":17,"column":54}},"type":"cond-expr","locations":[{"start":{"line":17,"column":23},"end":{"line":17,"column":37}},{"start":{"line":17,"column":40},"end":{"line":17,"column":54}}],"line":17},"1":{"loc":{"start":{"line":20,"column":7},"end":{"line":28,"column":7}},"type":"binary-expr","locations":[{"start":{"line":20,"column":7},"end":{"line":20,"column":18}},{"start":{"line":21,"column":8},"end":{"line":27,"column":14}}],"line":20}},"s":{"0":3,"1":40,"2":40,"3":3,"4":3,"5":40},"f":{"0":40,"1":3,"2":3},"b":{"0":[2,38],"1":[40,2]},"_coverageSchema":"1a1c01bbd47fc00a2c39e90264f33305004495a9","hash":"6ea9545aa3999f1974b27f61117ed32b3b266355"}
,"C:\\Users\\theho\\Documents\\GitHub\\meet\\src\\components\\EventList.jsx": {"path":"C:\\Users\\theho\\Documents\\GitHub\\meet\\src\\components\\EventList.jsx","statementMap":{"0":{"start":{"line":6,"column":18},"end":{"line":14,"column":1}},"1":{"start":{"line":7,"column":1},"end":{"line":13,"column":3}},"2":{"start":{"line":10,"column":27},"end":{"line":10,"column":65}}},"fnMap":{"0":{"name":"(anonymous_0)","decl":{"start":{"line":6,"column":18},"end":{"line":6,"column":19}},"loc":{"start":{"line":6,"column":34},"end":{"line":14,"column":1}},"line":6},"1":{"name":"(anonymous_1)","decl":{"start":{"line":10,"column":18},"end":{"line":10,"column":19}},"loc":{"start":{"line":10,"column":27},"end":{"line":10,"column":65}},"line":10}},"branchMap":{"0":{"loc":{"start":{"line":9,"column":6},"end":{"line":11,"column":11}},"type":"cond-expr","locations":[{"start":{"line":10,"column":7},"end":{"line":10,"column":66}},{"start":{"line":11,"column":7},"end":{"line":11,"column":11}}],"line":9}},"s":{"0":2,"1":6,"2":33},"f":{"0":6,"1":33},"b":{"0":[1,5]},"_coverageSchema":"1a1c01bbd47fc00a2c39e90264f33305004495a9","hash":"034d16566c2bb19139ee14b363b7118eb5f086b0"}
,"C:\\Users\\theho\\Documents\\GitHub\\meet\\src\\components\\NumberOfEvents.jsx": {"path":"C:\\Users\\theho\\Documents\\GitHub\\meet\\src\\components\\NumberOfEvents.jsx","statementMap":{"0":{"start":{"line":5,"column":23},"end":{"line":22,"column":1}},"1":{"start":{"line":6,"column":38},"end":{"line":6,"column":50}},"2":{"start":{"line":8,"column":29},"end":{"line":10,"column":3}},"3":{"start":{"line":9,"column":4},"end":{"line":9,"column":46}},"4":{"start":{"line":12,"column":2},"end":{"line":21,"column":4}}},"fnMap":{"0":{"name":"(anonymous_0)","decl":{"start":{"line":5,"column":23},"end":{"line":5,"column":24}},"loc":{"start":{"line":5,"column":29},"end":{"line":22,"column":1}},"line":5},"1":{"name":"(anonymous_1)","decl":{"start":{"line":8,"column":29},"end":{"line":8,"column":30}},"loc":{"start":{"line":8,"column":40},"end":{"line":10,"column":3}},"line":8}},"branchMap":{},"s":{"0":2,"1":14,"2":14,"3":7,"4":14},"f":{"0":14,"1":7},"b":{},"_coverageSchema":"1a1c01bbd47fc00a2c39e90264f33305004495a9","hash":"1e73a507dc0346ecdb0d07ea10b0a3401addda5d"}
}
