TN:
SF:src\App.jsx
FN:7,(anonymous_0)
FNF:1
FNH:1
FNDA:3,(anonymous_0)
DA:7,1
DA:8,3
LF:2
LH:2
BRF:0
BRH:0
end_of_record
TN:
SF:src\api.js
FN:15,(anonymous_0)
FN:16,(anonymous_1)
FN:26,(anonymous_2)
FNF:3
FNH:3
FNDA:2,(anonymous_0)
FNDA:66,(anonymous_1)
FNDA:3,(anonymous_2)
DA:15,2
DA:16,66
DA:17,2
DA:18,2
DA:26,2
DA:27,3
LF:6
LH:6
BRF:0
BRH:0
end_of_record
TN:
SF:src\mock-data.js
FNF:0
FNH:0
DA:4,3
LF:1
LH:1
BRF:0
BRH:0
end_of_record
TN:
SF:src\components\CitySearch.jsx
FN:7,(anonymous_0)
FN:12,(anonymous_1)
FN:14,(anonymous_2)
FN:23,(anonymous_3)
FN:36,(anonymous_4)
FN:41,(anonymous_5)
FNF:6
FNH:6
FNDA:26,(anonymous_0)
FNDA:12,(anonymous_1)
FNDA:24,(anonymous_2)
FNDA:1,(anonymous_3)
FNDA:3,(anonymous_4)
FNDA:12,(anonymous_5)
DA:7,2
DA:8,26
DA:9,26
DA:10,26
DA:12,26
DA:13,12
DA:14,12
DA:15,24
DA:19,12
DA:20,12
DA:23,26
DA:24,1
DA:25,1
DA:26,1
DA:29,26
DA:36,3
DA:42,12
LF:17
LH:17
BRDA:14,0,0,12
BRDA:14,0,1,0
BRDA:39,1,0,15
BRDA:39,1,1,11
BRF:4
BRH:3
end_of_record
TN:
SF:src\components\Event.jsx
FN:3,(anonymous_0)
FN:6,(anonymous_1)
FN:7,(anonymous_2)
FNF:3
FNH:3
FNDA:40,(anonymous_0)
FNDA:3,(anonymous_1)
FNDA:3,(anonymous_2)
DA:3,3
DA:4,40
DA:6,40
DA:7,3
DA:10,40
LF:5
LH:5
BRDA:17,0,0,2
BRDA:17,0,1,38
BRDA:20,1,0,40
BRDA:20,1,1,2
BRF:4
BRH:4
end_of_record
TN:
SF:src\components\EventList.jsx
FN:6,(anonymous_0)
FN:10,(anonymous_1)
FNF:2
FNH:2
FNDA:6,(anonymous_0)
FNDA:33,(anonymous_1)
DA:6,2
DA:7,6
DA:10,33
LF:3
LH:3
BRDA:9,0,0,1
BRDA:9,0,1,5
BRF:2
BRH:2
end_of_record
TN:
SF:src\components\NumberOfEvents.jsx
FN:5,(anonymous_0)
FN:8,(anonymous_1)
FNF:2
FNH:2
FNDA:14,(anonymous_0)
FNDA:7,(anonymous_1)
DA:5,2
DA:6,14
DA:8,14
DA:9,7
DA:12,14
LF:5
LH:5
BRF:0
BRH:0
end_of_record
