TN:
SF:src\App.jsx
FN:12,(anonymous_0)
FN:18,(anonymous_1)
FN:22,(anonymous_2)
FN:26,(anonymous_3)
FNF:4
FNH:4
FNDA:14,(anonymous_0)
FNDA:8,(anonymous_1)
FNDA:8,(anonymous_2)
FNDA:33,(anonymous_3)
DA:12,3
DA:13,14
DA:14,13
DA:15,13
DA:16,13
DA:18,13
DA:19,8
DA:22,13
DA:23,8
DA:24,8
DA:26,33
DA:27,8
DA:28,8
DA:32,13
LF:14
LH:14
BRDA:24,0,0,7
BRDA:24,0,1,1
BRF:2
BRH:2
end_of_record
TN:
SF:src\api.js
FN:15,(anonymous_0)
FN:16,(anonymous_1)
FN:26,(anonymous_2)
FNF:3
FNH:3
FNDA:11,(anonymous_0)
FNDA:363,(anonymous_1)
FNDA:13,(anonymous_2)
DA:15,3
DA:16,363
DA:17,11
DA:18,11
DA:26,3
DA:27,13
LF:6
LH:6
BRF:0
BRH:0
end_of_record
TN:
SF:src\mock-data.js
FNF:0
FNH:0
DA:4,4
LF:1
LH:1
BRF:0
BRH:0
end_of_record
TN:
SF:src\components\CitySearch.jsx
FN:7,(anonymous_0)
FN:12,(anonymous_1)
FN:16,(anonymous_2)
FN:18,(anonymous_3)
FN:27,(anonymous_4)
FN:41,(anonymous_5)
FN:46,(anonymous_6)
FNF:7
FNH:7
FNDA:64,(anonymous_0)
FNDA:19,(anonymous_1)
FNDA:18,(anonymous_2)
FNDA:36,(anonymous_3)
FNDA:2,(anonymous_4)
FNDA:5,(anonymous_5)
FNDA:26,(anonymous_6)
DA:7,3
DA:8,64
DA:9,64
DA:10,64
DA:12,64
DA:13,19
DA:16,64
DA:17,18
DA:18,18
DA:19,36
DA:23,18
DA:24,18
DA:27,64
DA:28,2
DA:29,2
DA:30,2
DA:31,2
DA:34,64
DA:41,5
DA:47,26
LF:20
LH:20
BRDA:18,0,0,18
BRDA:18,0,1,0
BRDA:44,1,0,25
BRDA:44,1,1,39
BRF:4
BRH:3
end_of_record
TN:
SF:src\components\Event.jsx
FN:3,(anonymous_0)
FN:6,(anonymous_1)
FN:7,(anonymous_2)
FNF:3
FNH:3
FNDA:216,(anonymous_0)
FNDA:3,(anonymous_1)
FNDA:3,(anonymous_2)
DA:3,4
DA:4,216
DA:6,216
DA:7,3
DA:10,216
LF:5
LH:5
BRDA:17,0,0,2
BRDA:17,0,1,214
BRDA:20,1,0,216
BRDA:20,1,1,2
BRF:4
BRH:4
end_of_record
TN:
SF:src\components\EventList.jsx
FN:6,(anonymous_0)
FN:10,(anonymous_1)
FNF:2
FNH:2
FNDA:17,(anonymous_0)
FNDA:209,(anonymous_1)
DA:6,3
DA:7,17
DA:10,209
LF:3
LH:3
BRDA:9,0,0,14
BRDA:9,0,1,3
BRF:2
BRH:2
end_of_record
TN:
SF:src\components\NumberOfEvents.jsx
FN:5,(anonymous_0)
FN:8,(anonymous_1)
FNF:2
FNH:2
FNDA:24,(anonymous_0)
FNDA:7,(anonymous_1)
DA:5,4
DA:6,24
DA:8,24
DA:9,7
DA:12,24
LF:5
LH:5
BRF:0
BRH:0
end_of_record
